mktextfm ecrm1000
mktextfm eccc1000
mktextfm eccc1728
mktextfm eccc1440
mktextfm ecrm2074
mktextfm ecbx2074
mktextfm ecrm1200
mktextfm ecti1200
mktextfm eccc1200
mktextfm ecrm1440
mktextfm ecbx1440
mktextfm ecti1000
mktextfm ecrm2488
mktextfm ecbx2488
mktextfm ecbx1000
mktextfm tcrm1000
mktextfm ecbx1200
mktextfm ecrm0700
mktextfm ecrm0500
mktextfm ecbx0700
mktextfm ecbx0500
mktextfm ecbi1000
mktextfm rsfs10
mktextfm rsfs7
mktextfm rsfs5
mktextfm rsfs10
mktextfm rsfs10
mktextfm rsfs5
mktextfm rsfs10
mktextfm rsfs7
mktextfm rsfs5
mktextfm rsfs10
mktextfm rsfs10
mktextfm rsfs5
